<?xml version="1.0" encoding="UTF-8"?>
<!-- Generated by org.testng.reporters.JUnitXMLReporter -->
<testsuite ignored="0" hostname="DESKTOP-GTM5910" failures="0" tests="15" name="RegressionTest" time="48.267" errors="0" timestamp="2023-09-14T20:25:25 IST">
  <testcase classname="test.CartPageTest" name="verifyUserNavigatetoYourCartPage" time="0.109"/>
  <testcase classname="test.CartPageTest" name="verifyIfUserAbletoCheckoutPage" time="0.131"/>
  <testcase classname="test.CartPageTest" name="verifyUserAbletoContinueShopping" time="0.116"/>
  <testcase classname="test.ProducDisplayPageTest" name="verifyUserAbleToSeeListOfProducts" time="0.023"/>
  <testcase classname="test.ProducDisplayPageTest" name="verifyUserAbletoSeeProductDetailPage" time="0.228"/>
  <testcase classname="test.ProducDisplayPageTest" name="verifyUserAbleToAddProductToCart" time="0.297"/>
  <testcase classname="test.ProducDisplayPageTest" name="verifyUserAbleToGoBacktoProduct" time="0.365"/>
  <testcase classname="test.LoginPageTest" name="verifyUserAbleToLoginToSwagLabWithValidCreadential" time="0.41"/>
  <testcase classname="test.LoginPageTest" name="verifyUserAbleToRemoveUserName" time="0.145"/>
  <testcase classname="test.LoginPageTest" name="verifyUserAbleToRemovePassword" time="0.121"/>
  <testcase classname="test.LogOutPageTest" name="verifyUserAbletoLogout" time="0.721"/>
  <testcase classname="test.LogOutPageTest" name="verifyTappingOnAbout" time="7.416"/>
  <testcase classname="test.CheckoutPageTest" name="verifyUserAbletoGotoOverviewPage" time="0.33"/>
  <testcase classname="test.CheckoutPageTest" name="verifyUserAbletoFinishOrder" time="0.407"/>
  <testcase classname="test.CheckoutPageTest" name="verifyClickonCancellingOrder" time="0.428"/>
</testsuite> <!-- RegressionTest -->
