<?xml version="1.0" encoding="UTF-8"?>
<testng-results ignored="0" total="15" passed="15" failed="0" skipped="0">
  <reporter-output>
  </reporter-output>
  <suite started-at="2023-09-14T20:24:37 IST" name="SwagLab" finished-at="2023-09-14T20:25:25 IST" duration-ms="48267">
    <groups>
    </groups>
    <test started-at="2023-09-14T20:24:37 IST" name="RegressionTest" finished-at="2023-09-14T20:25:25 IST" duration-ms="48267">
      <class name="test.ProducDisplayPageTest">
        <test-method is-config="true" signature="configReport()[pri:0, instance:test.ProducDisplayPageTest@3857f613]" started-at="2023-09-14T20:24:37 IST" name="configReport" finished-at="2023-09-14T20:24:37 IST" duration-ms="0" status="PASS">
          <reporter-output>
          </reporter-output>
        </test-method> <!-- configReport -->
        <test-method is-config="true" signature="loginToSwagLab()[pri:0, instance:test.ProducDisplayPageTest@3857f613]" started-at="2023-09-14T20:24:47 IST" name="loginToSwagLab" finished-at="2023-09-14T20:24:50 IST" duration-ms="2313" status="PASS">
          <reporter-output>
          </reporter-output>
        </test-method> <!-- loginToSwagLab -->
        <test-method signature="verifyUserAbleToSeeListOfProducts()[pri:1, instance:test.ProducDisplayPageTest@3857f613]" started-at="2023-09-14T20:24:50 IST" name="verifyUserAbleToSeeListOfProducts" finished-at="2023-09-14T20:24:50 IST" duration-ms="23" status="PASS">
          <reporter-output>
          </reporter-output>
        </test-method> <!-- verifyUserAbleToSeeListOfProducts -->
        <test-method is-config="true" signature="closeBrowser(org.testng.ITestResult)[pri:0, instance:test.ProducDisplayPageTest@3857f613]" started-at="2023-09-14T20:24:50 IST" name="closeBrowser" finished-at="2023-09-14T20:24:50 IST" duration-ms="167" status="PASS">
          <params>
            <param index="0">
              <value>
                <![CDATA[[TestResult name=verifyUserAbleToSeeListOfProducts status=SUCCESS method=ProducDisplayPageTest.verifyUserAbleToSeeListOfProducts()[pri:1, instance:test.ProducDisplayPageTest@3857f613] output={null}]]]>
              </value>
            </param>
          </params>
          <reporter-output>
          </reporter-output>
        </test-method> <!-- closeBrowser -->
        <test-method is-config="true" signature="loginToSwagLab()[pri:0, instance:test.ProducDisplayPageTest@3857f613]" started-at="2023-09-14T20:24:50 IST" name="loginToSwagLab" finished-at="2023-09-14T20:24:52 IST" duration-ms="1803" status="PASS">
          <reporter-output>
          </reporter-output>
        </test-method> <!-- loginToSwagLab -->
        <test-method signature="verifyUserAbletoSeeProductDetailPage()[pri:2, instance:test.ProducDisplayPageTest@3857f613]" started-at="2023-09-14T20:24:52 IST" name="verifyUserAbletoSeeProductDetailPage" finished-at="2023-09-14T20:24:52 IST" duration-ms="228" status="PASS">
          <reporter-output>
          </reporter-output>
        </test-method> <!-- verifyUserAbletoSeeProductDetailPage -->
        <test-method is-config="true" signature="closeBrowser(org.testng.ITestResult)[pri:0, instance:test.ProducDisplayPageTest@3857f613]" started-at="2023-09-14T20:24:52 IST" name="closeBrowser" finished-at="2023-09-14T20:24:52 IST" duration-ms="150" status="PASS">
          <params>
            <param index="0">
              <value>
                <![CDATA[[TestResult name=verifyUserAbletoSeeProductDetailPage status=SUCCESS method=ProducDisplayPageTest.verifyUserAbletoSeeProductDetailPage()[pri:2, instance:test.ProducDisplayPageTest@3857f613] output={null}]]]>
              </value>
            </param>
          </params>
          <reporter-output>
          </reporter-output>
        </test-method> <!-- closeBrowser -->
        <test-method is-config="true" signature="loginToSwagLab()[pri:0, instance:test.ProducDisplayPageTest@3857f613]" started-at="2023-09-14T20:24:52 IST" name="loginToSwagLab" finished-at="2023-09-14T20:24:54 IST" duration-ms="2228" status="PASS">
          <reporter-output>
          </reporter-output>
        </test-method> <!-- loginToSwagLab -->
        <test-method signature="verifyUserAbleToAddProductToCart()[pri:3, instance:test.ProducDisplayPageTest@3857f613]" started-at="2023-09-14T20:24:54 IST" name="verifyUserAbleToAddProductToCart" finished-at="2023-09-14T20:24:55 IST" duration-ms="297" status="PASS">
          <reporter-output>
          </reporter-output>
        </test-method> <!-- verifyUserAbleToAddProductToCart -->
        <test-method is-config="true" signature="closeBrowser(org.testng.ITestResult)[pri:0, instance:test.ProducDisplayPageTest@3857f613]" started-at="2023-09-14T20:24:55 IST" name="closeBrowser" finished-at="2023-09-14T20:24:55 IST" duration-ms="140" status="PASS">
          <params>
            <param index="0">
              <value>
                <![CDATA[[TestResult name=verifyUserAbleToAddProductToCart status=SUCCESS method=ProducDisplayPageTest.verifyUserAbleToAddProductToCart()[pri:3, instance:test.ProducDisplayPageTest@3857f613] output={null}]]]>
              </value>
            </param>
          </params>
          <reporter-output>
          </reporter-output>
        </test-method> <!-- closeBrowser -->
        <test-method is-config="true" signature="loginToSwagLab()[pri:0, instance:test.ProducDisplayPageTest@3857f613]" started-at="2023-09-14T20:24:55 IST" name="loginToSwagLab" finished-at="2023-09-14T20:24:58 IST" duration-ms="2807" status="PASS">
          <reporter-output>
          </reporter-output>
        </test-method> <!-- loginToSwagLab -->
        <test-method signature="verifyUserAbleToGoBacktoProduct()[pri:4, instance:test.ProducDisplayPageTest@3857f613]" started-at="2023-09-14T20:24:58 IST" name="verifyUserAbleToGoBacktoProduct" finished-at="2023-09-14T20:24:58 IST" duration-ms="365" status="PASS">
          <reporter-output>
          </reporter-output>
        </test-method> <!-- verifyUserAbleToGoBacktoProduct -->
        <test-method is-config="true" signature="closeBrowser(org.testng.ITestResult)[pri:0, instance:test.ProducDisplayPageTest@3857f613]" started-at="2023-09-14T20:24:58 IST" name="closeBrowser" finished-at="2023-09-14T20:24:58 IST" duration-ms="120" status="PASS">
          <params>
            <param index="0">
              <value>
                <![CDATA[[TestResult name=verifyUserAbleToGoBacktoProduct status=SUCCESS method=ProducDisplayPageTest.verifyUserAbleToGoBacktoProduct()[pri:4, instance:test.ProducDisplayPageTest@3857f613] output={null}]]]>
              </value>
            </param>
          </params>
          <reporter-output>
          </reporter-output>
        </test-method> <!-- closeBrowser -->
        <test-method is-config="true" signature="publish()[pri:0, instance:test.ProducDisplayPageTest@3857f613]" started-at="2023-09-14T20:25:25 IST" name="publish" finished-at="2023-09-14T20:25:25 IST" duration-ms="56" status="PASS">
          <reporter-output>
          </reporter-output>
        </test-method> <!-- publish -->
      </class> <!-- test.ProducDisplayPageTest -->
      <class name="test.CheckoutPageTest">
        <test-method is-config="true" signature="configreport()[pri:0, instance:test.CheckoutPageTest@3c9754d8]" started-at="2023-09-14T20:24:37 IST" name="configreport" finished-at="2023-09-14T20:24:37 IST" duration-ms="1" status="PASS">
          <reporter-output>
          </reporter-output>
        </test-method> <!-- configreport -->
        <test-method is-config="true" signature="openChrome()[pri:0, instance:test.CheckoutPageTest@3c9754d8]" started-at="2023-09-14T20:25:16 IST" name="openChrome" finished-at="2023-09-14T20:25:18 IST" duration-ms="2075" status="PASS">
          <reporter-output>
          </reporter-output>
        </test-method> <!-- openChrome -->
        <test-method signature="verifyUserAbletoGotoOverviewPage()[pri:1, instance:test.CheckoutPageTest@3c9754d8]" started-at="2023-09-14T20:25:18 IST" name="verifyUserAbletoGotoOverviewPage" finished-at="2023-09-14T20:25:19 IST" duration-ms="330" status="PASS">
          <reporter-output>
          </reporter-output>
        </test-method> <!-- verifyUserAbletoGotoOverviewPage -->
        <test-method is-config="true" signature="closebrowser(org.testng.ITestResult)[pri:0, instance:test.CheckoutPageTest@3c9754d8]" started-at="2023-09-14T20:25:19 IST" name="closebrowser" finished-at="2023-09-14T20:25:19 IST" duration-ms="118" status="PASS">
          <params>
            <param index="0">
              <value>
                <![CDATA[[TestResult name=verifyUserAbletoGotoOverviewPage status=SUCCESS method=CheckoutPageTest.verifyUserAbletoGotoOverviewPage()[pri:1, instance:test.CheckoutPageTest@3c9754d8] output={null}]]]>
              </value>
            </param>
          </params>
          <reporter-output>
          </reporter-output>
        </test-method> <!-- closebrowser -->
        <test-method is-config="true" signature="openChrome()[pri:0, instance:test.CheckoutPageTest@3c9754d8]" started-at="2023-09-14T20:25:19 IST" name="openChrome" finished-at="2023-09-14T20:25:21 IST" duration-ms="2187" status="PASS">
          <reporter-output>
          </reporter-output>
        </test-method> <!-- openChrome -->
        <test-method signature="verifyUserAbletoFinishOrder()[pri:2, instance:test.CheckoutPageTest@3c9754d8]" started-at="2023-09-14T20:25:21 IST" name="verifyUserAbletoFinishOrder" finished-at="2023-09-14T20:25:21 IST" duration-ms="407" status="PASS">
          <reporter-output>
          </reporter-output>
        </test-method> <!-- verifyUserAbletoFinishOrder -->
        <test-method is-config="true" signature="closebrowser(org.testng.ITestResult)[pri:0, instance:test.CheckoutPageTest@3c9754d8]" started-at="2023-09-14T20:25:21 IST" name="closebrowser" finished-at="2023-09-14T20:25:22 IST" duration-ms="123" status="PASS">
          <params>
            <param index="0">
              <value>
                <![CDATA[[TestResult name=verifyUserAbletoFinishOrder status=SUCCESS method=CheckoutPageTest.verifyUserAbletoFinishOrder()[pri:2, instance:test.CheckoutPageTest@3c9754d8] output={null}]]]>
              </value>
            </param>
          </params>
          <reporter-output>
          </reporter-output>
        </test-method> <!-- closebrowser -->
        <test-method is-config="true" signature="openChrome()[pri:0, instance:test.CheckoutPageTest@3c9754d8]" started-at="2023-09-14T20:25:22 IST" name="openChrome" finished-at="2023-09-14T20:25:24 IST" duration-ms="2185" status="PASS">
          <reporter-output>
          </reporter-output>
        </test-method> <!-- openChrome -->
        <test-method signature="verifyClickonCancellingOrder()[pri:3, instance:test.CheckoutPageTest@3c9754d8]" started-at="2023-09-14T20:25:24 IST" name="verifyClickonCancellingOrder" finished-at="2023-09-14T20:25:24 IST" duration-ms="428" status="PASS">
          <reporter-output>
          </reporter-output>
        </test-method> <!-- verifyClickonCancellingOrder -->
        <test-method is-config="true" signature="closebrowser(org.testng.ITestResult)[pri:0, instance:test.CheckoutPageTest@3c9754d8]" started-at="2023-09-14T20:25:24 IST" name="closebrowser" finished-at="2023-09-14T20:25:24 IST" duration-ms="99" status="PASS">
          <params>
            <param index="0">
              <value>
                <![CDATA[[TestResult name=verifyClickonCancellingOrder status=SUCCESS method=CheckoutPageTest.verifyClickonCancellingOrder()[pri:3, instance:test.CheckoutPageTest@3c9754d8] output={null}]]]>
              </value>
            </param>
          </params>
          <reporter-output>
          </reporter-output>
        </test-method> <!-- closebrowser -->
        <test-method is-config="true" signature="publish()[pri:0, instance:test.CheckoutPageTest@3c9754d8]" started-at="2023-09-14T20:25:25 IST" name="publish" finished-at="2023-09-14T20:25:25 IST" duration-ms="58" status="PASS">
          <reporter-output>
          </reporter-output>
        </test-method> <!-- publish -->
      </class> <!-- test.CheckoutPageTest -->
      <class name="test.LogOutPageTest">
        <test-method is-config="true" signature="configreport()[pri:0, instance:test.LogOutPageTest@7c6908d7]" started-at="2023-09-14T20:24:37 IST" name="configreport" finished-at="2023-09-14T20:24:37 IST" duration-ms="1" status="PASS">
          <reporter-output>
          </reporter-output>
        </test-method> <!-- configreport -->
        <test-method is-config="true" signature="logintoSwagLab()[pri:0, instance:test.LogOutPageTest@7c6908d7]" started-at="2023-09-14T20:25:04 IST" name="logintoSwagLab" finished-at="2023-09-14T20:25:06 IST" duration-ms="1891" status="PASS">
          <reporter-output>
          </reporter-output>
        </test-method> <!-- logintoSwagLab -->
        <test-method signature="verifyUserAbletoLogout()[pri:1, instance:test.LogOutPageTest@7c6908d7]" started-at="2023-09-14T20:25:06 IST" name="verifyUserAbletoLogout" finished-at="2023-09-14T20:25:07 IST" duration-ms="721" status="PASS">
          <reporter-output>
          </reporter-output>
        </test-method> <!-- verifyUserAbletoLogout -->
        <test-method is-config="true" signature="closebrowser(org.testng.ITestResult)[pri:0, instance:test.LogOutPageTest@7c6908d7]" started-at="2023-09-14T20:25:07 IST" name="closebrowser" finished-at="2023-09-14T20:25:07 IST" duration-ms="120" status="PASS">
          <params>
            <param index="0">
              <value>
                <![CDATA[[TestResult name=verifyUserAbletoLogout status=SUCCESS method=LogOutPageTest.verifyUserAbletoLogout()[pri:1, instance:test.LogOutPageTest@7c6908d7] output={null}]]]>
              </value>
            </param>
          </params>
          <reporter-output>
          </reporter-output>
        </test-method> <!-- closebrowser -->
        <test-method is-config="true" signature="logintoSwagLab()[pri:0, instance:test.LogOutPageTest@7c6908d7]" started-at="2023-09-14T20:25:07 IST" name="logintoSwagLab" finished-at="2023-09-14T20:25:09 IST" duration-ms="1810" status="PASS">
          <reporter-output>
          </reporter-output>
        </test-method> <!-- logintoSwagLab -->
        <test-method signature="verifyTappingOnAbout()[pri:2, instance:test.LogOutPageTest@7c6908d7]" started-at="2023-09-14T20:25:09 IST" name="verifyTappingOnAbout" finished-at="2023-09-14T20:25:16 IST" duration-ms="7416" status="PASS">
          <reporter-output>
          </reporter-output>
        </test-method> <!-- verifyTappingOnAbout -->
        <test-method is-config="true" signature="closebrowser(org.testng.ITestResult)[pri:0, instance:test.LogOutPageTest@7c6908d7]" started-at="2023-09-14T20:25:16 IST" name="closebrowser" finished-at="2023-09-14T20:25:16 IST" duration-ms="178" status="PASS">
          <params>
            <param index="0">
              <value>
                <![CDATA[[TestResult name=verifyTappingOnAbout status=SUCCESS method=LogOutPageTest.verifyTappingOnAbout()[pri:2, instance:test.LogOutPageTest@7c6908d7] output={null}]]]>
              </value>
            </param>
          </params>
          <reporter-output>
          </reporter-output>
        </test-method> <!-- closebrowser -->
        <test-method is-config="true" signature="publish()[pri:0, instance:test.LogOutPageTest@7c6908d7]" started-at="2023-09-14T20:25:25 IST" name="publish" finished-at="2023-09-14T20:25:25 IST" duration-ms="58" status="PASS">
          <reporter-output>
          </reporter-output>
        </test-method> <!-- publish -->
      </class> <!-- test.LogOutPageTest -->
      <class name="test.LoginPageTest">
        <test-method is-config="true" signature="configReport()[pri:0, instance:test.LoginPageTest@198b6731]" started-at="2023-09-14T20:24:37 IST" name="configReport" finished-at="2023-09-14T20:24:37 IST" duration-ms="0" status="PASS">
          <reporter-output>
          </reporter-output>
        </test-method> <!-- configReport -->
        <test-method is-config="true" signature="openChrome()[pri:0, instance:test.LoginPageTest@198b6731]" started-at="2023-09-14T20:24:58 IST" name="openChrome" finished-at="2023-09-14T20:24:59 IST" duration-ms="1453" status="PASS">
          <reporter-output>
          </reporter-output>
        </test-method> <!-- openChrome -->
        <test-method signature="verifyUserAbleToLoginToSwagLabWithValidCreadential()[pri:1, instance:test.LoginPageTest@198b6731]" started-at="2023-09-14T20:24:59 IST" name="verifyUserAbleToLoginToSwagLabWithValidCreadential" finished-at="2023-09-14T20:25:00 IST" duration-ms="410" status="PASS">
          <reporter-output>
          </reporter-output>
        </test-method> <!-- verifyUserAbleToLoginToSwagLabWithValidCreadential -->
        <test-method is-config="true" signature="closeBrowser(org.testng.ITestResult)[pri:0, instance:test.LoginPageTest@198b6731]" started-at="2023-09-14T20:25:00 IST" name="closeBrowser" finished-at="2023-09-14T20:25:00 IST" duration-ms="110" status="PASS">
          <params>
            <param index="0">
              <value>
                <![CDATA[[TestResult name=verifyUserAbleToLoginToSwagLabWithValidCreadential status=SUCCESS method=LoginPageTest.verifyUserAbleToLoginToSwagLabWithValidCreadential()[pri:1, instance:test.LoginPageTest@198b6731] output={null}]]]>
              </value>
            </param>
          </params>
          <reporter-output>
          </reporter-output>
        </test-method> <!-- closeBrowser -->
        <test-method is-config="true" signature="openChrome()[pri:0, instance:test.LoginPageTest@198b6731]" started-at="2023-09-14T20:25:00 IST" name="openChrome" finished-at="2023-09-14T20:25:01 IST" duration-ms="1466" status="PASS">
          <reporter-output>
          </reporter-output>
        </test-method> <!-- openChrome -->
        <test-method signature="verifyUserAbleToRemoveUserName()[pri:2, instance:test.LoginPageTest@198b6731]" started-at="2023-09-14T20:25:01 IST" name="verifyUserAbleToRemoveUserName" finished-at="2023-09-14T20:25:02 IST" duration-ms="145" status="PASS">
          <reporter-output>
          </reporter-output>
        </test-method> <!-- verifyUserAbleToRemoveUserName -->
        <test-method is-config="true" signature="closeBrowser(org.testng.ITestResult)[pri:0, instance:test.LoginPageTest@198b6731]" started-at="2023-09-14T20:25:02 IST" name="closeBrowser" finished-at="2023-09-14T20:25:02 IST" duration-ms="129" status="PASS">
          <params>
            <param index="0">
              <value>
                <![CDATA[[TestResult name=verifyUserAbleToRemoveUserName status=SUCCESS method=LoginPageTest.verifyUserAbleToRemoveUserName()[pri:2, instance:test.LoginPageTest@198b6731] output={null}]]]>
              </value>
            </param>
          </params>
          <reporter-output>
          </reporter-output>
        </test-method> <!-- closeBrowser -->
        <test-method is-config="true" signature="openChrome()[pri:0, instance:test.LoginPageTest@198b6731]" started-at="2023-09-14T20:25:02 IST" name="openChrome" finished-at="2023-09-14T20:25:04 IST" duration-ms="2206" status="PASS">
          <reporter-output>
          </reporter-output>
        </test-method> <!-- openChrome -->
        <test-method signature="verifyUserAbleToRemovePassword()[pri:3, instance:test.LoginPageTest@198b6731]" started-at="2023-09-14T20:25:04 IST" name="verifyUserAbleToRemovePassword" finished-at="2023-09-14T20:25:04 IST" duration-ms="121" status="PASS">
          <reporter-output>
          </reporter-output>
        </test-method> <!-- verifyUserAbleToRemovePassword -->
        <test-method is-config="true" signature="closeBrowser(org.testng.ITestResult)[pri:0, instance:test.LoginPageTest@198b6731]" started-at="2023-09-14T20:25:04 IST" name="closeBrowser" finished-at="2023-09-14T20:25:04 IST" duration-ms="110" status="PASS">
          <params>
            <param index="0">
              <value>
                <![CDATA[[TestResult name=verifyUserAbleToRemovePassword status=SUCCESS method=LoginPageTest.verifyUserAbleToRemovePassword()[pri:3, instance:test.LoginPageTest@198b6731] output={null}]]]>
              </value>
            </param>
          </params>
          <reporter-output>
          </reporter-output>
        </test-method> <!-- closeBrowser -->
        <test-method is-config="true" signature="publish()[pri:0, instance:test.LoginPageTest@198b6731]" started-at="2023-09-14T20:25:25 IST" name="publish" finished-at="2023-09-14T20:25:25 IST" duration-ms="63" status="PASS">
          <reporter-output>
          </reporter-output>
        </test-method> <!-- publish -->
      </class> <!-- test.LoginPageTest -->
      <class name="test.CartPageTest">
        <test-method is-config="true" signature="configreport()[pri:0, instance:test.CartPageTest@1fa121e2]" started-at="2023-09-14T20:24:37 IST" name="configreport" finished-at="2023-09-14T20:24:37 IST" duration-ms="219" status="PASS">
          <reporter-output>
          </reporter-output>
        </test-method> <!-- configreport -->
        <test-method is-config="true" signature="addProductTocart()[pri:0, instance:test.CartPageTest@1fa121e2]" started-at="2023-09-14T20:24:37 IST" name="addProductTocart" finished-at="2023-09-14T20:24:42 IST" duration-ms="5438" status="PASS">
          <reporter-output>
          </reporter-output>
        </test-method> <!-- addProductTocart -->
        <test-method signature="verifyUserNavigatetoYourCartPage()[pri:1, instance:test.CartPageTest@1fa121e2]" started-at="2023-09-14T20:24:42 IST" name="verifyUserNavigatetoYourCartPage" finished-at="2023-09-14T20:24:42 IST" duration-ms="109" status="PASS">
          <reporter-output>
          </reporter-output>
        </test-method> <!-- verifyUserNavigatetoYourCartPage -->
        <test-method is-config="true" signature="closebrowser(org.testng.ITestResult)[pri:0, instance:test.CartPageTest@1fa121e2]" started-at="2023-09-14T20:24:42 IST" name="closebrowser" finished-at="2023-09-14T20:24:43 IST" duration-ms="164" status="PASS">
          <params>
            <param index="0">
              <value>
                <![CDATA[[TestResult name=verifyUserNavigatetoYourCartPage status=SUCCESS method=CartPageTest.verifyUserNavigatetoYourCartPage()[pri:1, instance:test.CartPageTest@1fa121e2] output={null}]]]>
              </value>
            </param>
          </params>
          <reporter-output>
          </reporter-output>
        </test-method> <!-- closebrowser -->
        <test-method is-config="true" signature="addProductTocart()[pri:0, instance:test.CartPageTest@1fa121e2]" started-at="2023-09-14T20:24:43 IST" name="addProductTocart" finished-at="2023-09-14T20:24:45 IST" duration-ms="2287" status="PASS">
          <reporter-output>
          </reporter-output>
        </test-method> <!-- addProductTocart -->
        <test-method signature="verifyIfUserAbletoCheckoutPage()[pri:2, instance:test.CartPageTest@1fa121e2]" started-at="2023-09-14T20:24:45 IST" name="verifyIfUserAbletoCheckoutPage" finished-at="2023-09-14T20:24:45 IST" duration-ms="131" status="PASS">
          <reporter-output>
          </reporter-output>
        </test-method> <!-- verifyIfUserAbletoCheckoutPage -->
        <test-method is-config="true" signature="closebrowser(org.testng.ITestResult)[pri:0, instance:test.CartPageTest@1fa121e2]" started-at="2023-09-14T20:24:45 IST" name="closebrowser" finished-at="2023-09-14T20:24:45 IST" duration-ms="119" status="PASS">
          <params>
            <param index="0">
              <value>
                <![CDATA[[TestResult name=verifyIfUserAbletoCheckoutPage status=SUCCESS method=CartPageTest.verifyIfUserAbletoCheckoutPage()[pri:2, instance:test.CartPageTest@1fa121e2] output={null}]]]>
              </value>
            </param>
          </params>
          <reporter-output>
          </reporter-output>
        </test-method> <!-- closebrowser -->
        <test-method is-config="true" signature="addProductTocart()[pri:0, instance:test.CartPageTest@1fa121e2]" started-at="2023-09-14T20:24:45 IST" name="addProductTocart" finished-at="2023-09-14T20:24:47 IST" duration-ms="2038" status="PASS">
          <reporter-output>
          </reporter-output>
        </test-method> <!-- addProductTocart -->
        <test-method signature="verifyUserAbletoContinueShopping()[pri:3, instance:test.CartPageTest@1fa121e2]" started-at="2023-09-14T20:24:47 IST" name="verifyUserAbletoContinueShopping" finished-at="2023-09-14T20:24:47 IST" duration-ms="116" status="PASS">
          <reporter-output>
          </reporter-output>
        </test-method> <!-- verifyUserAbletoContinueShopping -->
        <test-method is-config="true" signature="closebrowser(org.testng.ITestResult)[pri:0, instance:test.CartPageTest@1fa121e2]" started-at="2023-09-14T20:24:47 IST" name="closebrowser" finished-at="2023-09-14T20:24:47 IST" duration-ms="94" status="PASS">
          <params>
            <param index="0">
              <value>
                <![CDATA[[TestResult name=verifyUserAbletoContinueShopping status=SUCCESS method=CartPageTest.verifyUserAbletoContinueShopping()[pri:3, instance:test.CartPageTest@1fa121e2] output={null}]]]>
              </value>
            </param>
          </params>
          <reporter-output>
          </reporter-output>
        </test-method> <!-- closebrowser -->
        <test-method is-config="true" signature="publish()[pri:0, instance:test.CartPageTest@1fa121e2]" started-at="2023-09-14T20:25:24 IST" name="publish" finished-at="2023-09-14T20:25:25 IST" duration-ms="352" status="PASS">
          <reporter-output>
          </reporter-output>
        </test-method> <!-- publish -->
      </class> <!-- test.CartPageTest -->
    </test> <!-- RegressionTest -->
  </suite> <!-- SwagLab -->
</testng-results>
